<?xml version="1.0" encoding="UTF-8"?>
<!-- Generated by org.testng.reporters.JUnitXMLReporter -->
<testsuite ignored="0" hostname="LAPTOP-70PFIIMI" failures="0" tests="5" name="Open Cart Home Page Test" time="14.231" errors="0" timestamp="13 Jul 2024 02:28:03 GMT">
  <testcase classname="com.qa.opencart.tests.HomePageTest" name="homePageTitleTest" time="0.031"/>
  <testcase classname="com.qa.opencart.tests.HomePageTest" name="homePageURLTest" time="0.003"/>
  <testcase classname="com.qa.opencart.tests.HomePageTest" name="searchTest" time="0.356"/>
  <testcase classname="com.qa.opencart.tests.HomePageTest" name="searchTest" time="0.319"/>
  <testcase classname="com.qa.opencart.tests.HomePageTest" name="searchTest" time="0.325"/>
</testsuite> <!-- Open Cart Home Page Test -->
